#
# There is insufficient memory for the Java Runtime Environment to continue.
# Native memory allocation (malloc) failed to allocate 1048576 bytes for AllocateHeap
# Possible reasons:
#   The system is out of physical RAM or swap space
#   The process is running with CompressedOops enabled, and the Java Heap may be blocking the growth of the native heap
# Possible solutions:
#   Reduce memory load on the system
#   Increase physical memory or swap space
#   Check if swap backing store is full
#   Decrease Java heap size (-Xmx/-Xms)
#   Decrease number of Java threads
#   Decrease Java thread stack sizes (-Xss)
#   Set larger code cache with -XX:ReservedCodeCacheSize=
#   JVM is running with Unscaled Compressed Oops mode in which the Java heap is
#     placed in the first 4GB address space. The Java Heap base address is the
#     maximum limit for the native heap growth. Please use -XX:HeapBaseMinAddress
#     to set the Java Heap base and to place the Java Heap above 4GB virtual address.
# This output file may be truncated or incomplete.
#
#  Out of Memory Error (memory/allocation.inline.hpp:61), pid=16804, tid=0x0000000000002b28
#
# JRE version:  (8.0_202-b08) (build )
# Java VM: Java HotSpot(TM) 64-Bit Server VM (25.202-b08 mixed mode windows-amd64 compressed oops)
# Failed to write core dump. Minidumps are not enabled by default on client versions of Windows
#

---------------  T H R E A D  ---------------

Current thread (0x00000000024be800):  JavaThread "Unknown thread" [_thread_in_vm, id=11048, stack(0x00000000028b0000,0x00000000029b0000)]

Stack: [0x00000000028b0000,0x00000000029b0000]
[error occurred during error reporting (printing stack bounds), id 0xc0000005]

Native frames: (J=compiled Java code, j=interpreted, Vv=VM code, C=native code)


---------------  P R O C E S S  ---------------

Java Threads: ( => current thread )

Other Threads:

=>0x00000000024be800 (exited) JavaThread "Unknown thread" [_thread_in_vm, id=11048, stack(0x00000000028b0000,0x00000000029b0000)]

VM state:not at safepoint (normal execution)

VM Mutex/Monitor currently owned by a thread: None

heap address: 0x00000000c1c00000, size: 996 MB, Compressed Oops mode: 32-bit
Narrow klass base: 0x0000000000000000, Narrow klass shift: 3
Compressed class space size: 1073741824 Address: 0x0000000100000000

Heap:
 PSYoungGen      total 18944K, used 327K [0x00000000eb400000, 0x00000000ec900000, 0x0000000100000000)
  eden space 16384K, 2% used [0x00000000eb400000,0x00000000eb451ec8,0x00000000ec400000)
  from space 2560K, 0% used [0x00000000ec680000,0x00000000ec680000,0x00000000ec900000)
  to   space 2560K, 0% used [0x00000000ec400000,0x00000000ec400000,0x00000000ec680000)
 ParOldGen       total 44032K, used 0K [0x00000000c1c00000, 0x00000000c4700000, 0x00000000eb400000)
  object space 44032K, 0% used [0x00000000c1c00000,0x00000000c1c00000,0x00000000c4700000)
 Metaspace       used 751K, capacity 4480K, committed 4480K, reserved 1056768K
  class space    used 76K, capacity 384K, committed 384K, reserved 1048576K

Card table byte_map: [0x0000000011e70000,0x0000000012070000] byte_map_base: 0x0000000011862000

Marking Bits: (ParMarkBitMap*) 0x00000000709b5ce0
 Begin Bits: [0x00000000129c0000, 0x0000000013950000)
 End Bits:   [0x0000000013950000, 0x00000000148e0000)

Polling page: 0x0000000000700000

CodeCache: size=245760Kb used=328Kb max_used=328Kb free=245431Kb
 bounds [0x0000000002ab0000, 0x0000000002d20000, 0x0000000011ab0000]
 total_blobs=58 nmethods=0 adapters=38
 compilation: enabled

Compilation events (0 events):
No events

GC Heap History (0 events):
No events

Deoptimization events (0 events):
No events

Classes redefined (0 events):
No events

Internal exceptions (0 events):
No events

Events (10 events):
Event: 0.035 loading class java/lang/Short
Event: 0.035 loading class java/lang/Short done
Event: 0.035 loading class java/lang/Integer
Event: 0.035 loading class java/lang/Integer done
Event: 0.035 loading class java/lang/Long
Event: 0.036 loading class java/lang/Long done
Event: 0.036 loading class java/lang/NullPointerException
Event: 0.036 loading class java/lang/NullPointerException done
Event: 0.036 loading class java/lang/ArithmeticException
Event: 0.036 loading class java/lang/ArithmeticException done


Dynamic libraries:
0x00007ff7d7980000 - 0x00007ff7d79b7000 	C:\Program Files\Java\jre1.8.0_202\bin\javaw.exe
0x00007ffa8ff20000 - 0x00007ffa90110000 	C:\WINDOWS\SYSTEM32\ntdll.dll
0x00007ffa8f610000 - 0x00007ffa8f6c2000 	C:\WINDOWS\System32\KERNEL32.DLL
0x00007ffa8cf10000 - 0x00007ffa8d1b4000 	C:\WINDOWS\System32\KERNELBASE.dll
0x00007ffa8eca0000 - 0x00007ffa8ed43000 	C:\WINDOWS\System32\ADVAPI32.dll
0x00007ffa8f6d0000 - 0x00007ffa8f76e000 	C:\WINDOWS\System32\msvcrt.dll
0x00007ffa8e650000 - 0x00007ffa8e6e7000 	C:\WINDOWS\System32\sechost.dll
0x00007ffa8f000000 - 0x00007ffa8f120000 	C:\WINDOWS\System32\RPCRT4.dll
0x00007ffa8ee60000 - 0x00007ffa8eff4000 	C:\WINDOWS\System32\USER32.dll
0x00007ffa8dcf0000 - 0x00007ffa8dd11000 	C:\WINDOWS\System32\win32u.dll
0x00007ffa8e1e0000 - 0x00007ffa8e206000 	C:\WINDOWS\System32\GDI32.dll
0x00007ffa8de30000 - 0x00007ffa8dfc5000 	C:\WINDOWS\System32\gdi32full.dll
0x00007ffa8dd20000 - 0x00007ffa8ddbe000 	C:\WINDOWS\System32\msvcp_win.dll
0x00007ffa8d1c0000 - 0x00007ffa8d2ba000 	C:\WINDOWS\System32\ucrtbase.dll
0x00007ffa73680000 - 0x00007ffa73904000 	C:\WINDOWS\WinSxS\amd64_microsoft.windows.common-controls_6595b64144ccf1df_6.0.18362.900_none_e6beb9d913147d17\COMCTL32.dll
0x00007ffa8f2b0000 - 0x00007ffa8f5e5000 	C:\WINDOWS\System32\combase.dll
0x00007ffa8dc70000 - 0x00007ffa8dcf0000 	C:\WINDOWS\System32\bcryptPrimitives.dll
0x00007ffa8edd0000 - 0x00007ffa8edfe000 	C:\WINDOWS\System32\IMM32.DLL
0x000000006ffd0000 - 0x00000000700a2000 	C:\Program Files\Java\jre1.8.0_202\bin\msvcr100.dll
0x0000000070190000 - 0x0000000070a35000 	C:\Program Files\Java\jre1.8.0_202\bin\server\jvm.dll
0x00007ffa8f7e0000 - 0x00007ffa8f7e8000 	C:\WINDOWS\System32\PSAPI.DLL
0x00007ffa88a70000 - 0x00007ffa88a94000 	C:\WINDOWS\SYSTEM32\WINMM.dll
0x00007ffa86820000 - 0x00007ffa8682a000 	C:\WINDOWS\SYSTEM32\VERSION.dll
0x00007ffa7b930000 - 0x00007ffa7b939000 	C:\WINDOWS\SYSTEM32\WSOCK32.dll
0x00007ffa8eb60000 - 0x00007ffa8ebcf000 	C:\WINDOWS\System32\WS2_32.dll
0x00007ffa88990000 - 0x00007ffa889bd000 	C:\WINDOWS\SYSTEM32\winmmbase.dll
0x00007ffa8ddc0000 - 0x00007ffa8de0a000 	C:\WINDOWS\System32\cfgmgr32.dll
0x00007ffa7eab0000 - 0x00007ffa7eabf000 	C:\Program Files\Java\jre1.8.0_202\bin\verify.dll
0x00007ffa67db0000 - 0x00007ffa67dd9000 	C:\Program Files\Java\jre1.8.0_202\bin\java.dll
0x00007ffa6cfc0000 - 0x00007ffa6cfd6000 	C:\Program Files\Java\jre1.8.0_202\bin\zip.dll

VM Arguments:
jvm_args: -Dfile.encoding=MS949 
java_command: Main
java_class_path (initial): E:\java_github\08_Day8\bin
Launcher Type: SUN_STANDARD

Environment Variables:
JAVA_HOME=C:\Program Files\Java\jdk-14.0.1
CLASSPATH=C:\Program Files\Java\jdk-14.0.1\lib
PATH=C:/Program Files/Java/jre1.8.0_202/bin/server;C:/Program Files/Java/jre1.8.0_202/bin;C:/Program Files/Java/jre1.8.0_202/lib/amd64;C:\oracle\app\oracle\product\11.2.0\server\bin;;C:\Program Files (x86)\Common Files\Oracle\Java\javapath;"C:\Program Files (x86)\Common Files\Oracle\Java\javapath\;C:\Program Files\Java\jdk-14.0.1\bin";C:\Program Files (x86)\Common Files\Intel\Shared Libraries\redist\intel64\compiler;C:\Program Files (x86)\Intel\iCLS Client\;C:\Program Files\Intel\iCLS Client\;C:\WINDOWS\system32;C:\WINDOWS;C:\WINDOWS\System32\Wbem;C:\WINDOWS\System32\WindowsPowerShell\v1.0\;C:\Program Files (x86)\Intel\Intel(R) Management Engine Components\DAL;C:\Program Files\Intel\Intel(R) Management Engine Components\DAL;C:\Program Files (x86)\Intel\Intel(R) Management Engine Components\IPT;C:\Program Files\Intel\Intel(R) Management Engine Components\IPT;C:\WINDOWS\System32\OpenSSH\;C:\Program Files (x86)\Brackets\command;C:\Program Files\Java\jdk-14.0.1\bin;C:\Program Files\Java\jdk1.8.0_202\bin;C:\Users\asuspc\AppData\Local\Microsoft\WindowsApps;C:\Program Files\Java\jdk-14.0.1\bin;C:\Users\asuspc\AppData\Local\GitHubDesktop\bin;C:\eclipse-jee-2019-03-R-win32-x86_64\eclipse;
USERNAME=asuspc
OS=Windows_NT
PROCESSOR_IDENTIFIER=Intel64 Family 6 Model 142 Stepping 10, GenuineIntel



---------------  S Y S T E M  ---------------

OS: Windows 10.0 , 64 bit Build 18362 (10.0.18362.900)

CPU:total 8 (initial active 8) (4 cores per cpu, 2 threads per core) family 6 model 142 stepping 10, cmov, cx8, fxsr, mmx, sse, sse2, sse3, ssse3, sse4.1, sse4.2, popcnt, avx, avx2, aes, clmul, erms, 3dnowpref, lzcnt, ht, tsc, tscinvbit, bmi1, bmi2, adx

Memory: 4k page, physical 4074660k(422476k free), swap 16657572k(5532k free)

vm_info: Java HotSpot(TM) 64-Bit Server VM (25.202-b08) for windows-amd64 JRE (1.8.0_202-b08), built on Dec 15 2018 19:54:30 by "java_re" with MS VC++ 10.0 (VS2010)

time: Wed Jul 15 16:56:31 2020
timezone: 대한민국 표준시
elapsed time: 0 seconds (0d 0h 0m 0s)

